<?xml version="1.0" encoding="UTF-8"?>
<testsuite name="com.virtuslab.internship.receipt.ReceiptGeneratorTest" tests="1" skipped="0" failures="0" errors="0" timestamp="2022-04-16T14:16:49" hostname="DESKTOP-L05VHHM" time="0.011">
  <properties/>
  <testcase name="shouldGenerateReceiptForGivenBasket()" classname="com.virtuslab.internship.receipt.ReceiptGeneratorTest" time="0.011"/>
  <system-out><![CDATA[]]></system-out>
  <system-err><![CDATA[]]></system-err>
</testsuite>
