<?xml version="1.0" encoding="UTF-8"?>
<testsuite name="com.virtuslab.internship.discount.FifteenPercentDiscountTest" tests="2" skipped="0" failures="0" errors="0" timestamp="2022-04-16T14:16:49" hostname="DESKTOP-L05VHHM" time="0.007">
  <properties/>
  <testcase name="shouldNotApply15PercentDiscountWhenGrainsIsBelow3()" classname="com.virtuslab.internship.discount.FifteenPercentDiscountTest" time="0.001"/>
  <testcase name="shouldApply15PercentDiscountGrainsIsAbove3()" classname="com.virtuslab.internship.discount.FifteenPercentDiscountTest" time="0.005"/>
  <system-out><![CDATA[]]></system-out>
  <system-err><![CDATA[]]></system-err>
</testsuite>
